{"__type":"$$EventMessageAudit","id":"ab28f3d6-6d6c-4103-a769-6f0ac00726e9","ts":"2025-10-26T15:56:40.705+00:00","eventName":"n8n.audit.workflow.created","message":"n8n.audit.workflow.created","payload":{"userId":"acee32a9-717d-4a7d-ab83-154f5739bb70","_email":"kassymovd00@gmail.com","_firstName":"Дәулет","_lastName":"Қасымов","globalRole":"global:owner","workflowId":"HvpNySo27KxI70W0","workflowName":"My workflow"}}
{"__type":"$$EventMessageConfirm","confirm":"ab28f3d6-6d6c-4103-a769-6f0ac00726e9","ts":"2025-10-26T15:56:40.705+00:00","source":{"id":"0","name":"eventBus"}}
{"__type":"$$EventMessageWorkflow","id":"16cc5408-d9a3-4152-9522-11e31a6ecf3b","ts":"2025-10-26T15:56:40.875+00:00","eventName":"n8n.workflow.started","message":"n8n.workflow.started","payload":{"executionId":"1","workflowId":"HvpNySo27KxI70W0","isManual":false,"workflowName":"My workflow"}}
{"__type":"$$EventMessageConfirm","confirm":"16cc5408-d9a3-4152-9522-11e31a6ecf3b","ts":"2025-10-26T15:56:40.875+00:00","source":{"id":"0","name":"eventBus"}}
{"__type":"$$EventMessageNode","id":"7c63d3c5-01e3-4a1b-bf51-9a946b769ec2","ts":"2025-10-26T15:56:40.877+00:00","eventName":"n8n.node.started","message":"n8n.node.started","payload":{"workflowId":"HvpNySo27KxI70W0","workflowName":"My workflow","executionId":"1","nodeType":"n8n-nodes-base.manualTrigger","nodeName":"When clicking ‘Execute workflow’","nodeId":"31453dcf-a3b2-4ae6-ae6e-2667ba1f3d71"}}
{"__type":"$$EventMessageConfirm","confirm":"7c63d3c5-01e3-4a1b-bf51-9a946b769ec2","ts":"2025-10-26T15:56:40.877+00:00","source":{"id":"0","name":"eventBus"}}
{"__type":"$$EventMessageNode","id":"61b12fc2-34c1-4f6c-a71b-c66d6196f446","ts":"2025-10-26T15:56:40.881+00:00","eventName":"n8n.node.finished","message":"n8n.node.finished","payload":{"workflowId":"HvpNySo27KxI70W0","workflowName":"My workflow","executionId":"1","nodeType":"n8n-nodes-base.manualTrigger","nodeName":"When clicking ‘Execute workflow’","nodeId":"31453dcf-a3b2-4ae6-ae6e-2667ba1f3d71"}}
{"__type":"$$EventMessageConfirm","confirm":"61b12fc2-34c1-4f6c-a71b-c66d6196f446","ts":"2025-10-26T15:56:40.881+00:00","source":{"id":"0","name":"eventBus"}}
{"__type":"$$EventMessageWorkflow","id":"55d58f01-c88d-4488-841a-7ba947e809da","ts":"2025-10-26T15:56:40.885+00:00","eventName":"n8n.workflow.success","message":"n8n.workflow.success","payload":{"userId":"acee32a9-717d-4a7d-ab83-154f5739bb70","executionId":"1","success":true,"isManual":true,"workflowId":"HvpNySo27KxI70W0","workflowName":"My workflow"}}
{"__type":"$$EventMessageConfirm","confirm":"55d58f01-c88d-4488-841a-7ba947e809da","ts":"2025-10-26T15:56:40.886+00:00","source":{"id":"0","name":"eventBus"}}
{"__type":"$$EventMessageWorkflow","id":"fab6782c-545f-4354-8313-a8b6ef0001aa","ts":"2025-10-26T16:07:59.596+00:00","eventName":"n8n.workflow.started","message":"n8n.workflow.started","payload":{"executionId":"2","workflowId":"HvpNySo27KxI70W0","isManual":false,"workflowName":"My workflow"}}
{"__type":"$$EventMessageConfirm","confirm":"fab6782c-545f-4354-8313-a8b6ef0001aa","ts":"2025-10-26T16:07:59.596+00:00","source":{"id":"0","name":"eventBus"}}
{"__type":"$$EventMessageNode","id":"25fc5714-96c0-4f62-82c8-69ac8b255307","ts":"2025-10-26T16:07:59.597+00:00","eventName":"n8n.node.started","message":"n8n.node.started","payload":{"workflowId":"HvpNySo27KxI70W0","workflowName":"My workflow","executionId":"2","nodeType":"n8n-nodes-base.manualTrigger","nodeName":"When clicking ‘Execute workflow’","nodeId":"31453dcf-a3b2-4ae6-ae6e-2667ba1f3d71"}}
{"__type":"$$EventMessageConfirm","confirm":"25fc5714-96c0-4f62-82c8-69ac8b255307","ts":"2025-10-26T16:07:59.597+00:00","source":{"id":"0","name":"eventBus"}}
{"__type":"$$EventMessageNode","id":"de43fea8-d7a3-41bb-9f9a-92a304b1f5bd","ts":"2025-10-26T16:07:59.598+00:00","eventName":"n8n.node.finished","message":"n8n.node.finished","payload":{"workflowId":"HvpNySo27KxI70W0","workflowName":"My workflow","executionId":"2","nodeType":"n8n-nodes-base.manualTrigger","nodeName":"When clicking ‘Execute workflow’","nodeId":"31453dcf-a3b2-4ae6-ae6e-2667ba1f3d71"}}
{"__type":"$$EventMessageConfirm","confirm":"de43fea8-d7a3-41bb-9f9a-92a304b1f5bd","ts":"2025-10-26T16:07:59.598+00:00","source":{"id":"0","name":"eventBus"}}
{"__type":"$$EventMessageWorkflow","id":"b9e71681-2ae0-4a75-9521-63b9dfdd8572","ts":"2025-10-26T16:07:59.600+00:00","eventName":"n8n.workflow.success","message":"n8n.workflow.success","payload":{"userId":"acee32a9-717d-4a7d-ab83-154f5739bb70","executionId":"2","success":true,"isManual":true,"workflowId":"HvpNySo27KxI70W0","workflowName":"My workflow"}}
{"__type":"$$EventMessageConfirm","confirm":"b9e71681-2ae0-4a75-9521-63b9dfdd8572","ts":"2025-10-26T16:07:59.600+00:00","source":{"id":"0","name":"eventBus"}}
{"__type":"$$EventMessageAudit","id":"37dffa9f-b7bb-4be1-a43a-3fb42e668f18","ts":"2025-10-26T17:44:49.134+00:00","eventName":"n8n.audit.user.credentials.created","message":"n8n.audit.user.credentials.created","payload":{"userId":"acee32a9-717d-4a7d-ab83-154f5739bb70","_email":"kassymovd00@gmail.com","_firstName":"Дәулет","_lastName":"Қасымов","globalRole":"global:owner","credentialType":"telegramApi","credentialId":"dSfNNTDkMacFnWf7","publicApi":false,"projectId":"0OqGy5KcmXCGdGYo","projectType":"personal"}}
{"__type":"$$EventMessageConfirm","confirm":"37dffa9f-b7bb-4be1-a43a-3fb42e668f18","ts":"2025-10-26T17:44:49.134+00:00","source":{"id":"0","name":"eventBus"}}
{"__type":"$$EventMessageAudit","id":"71b3cad7-f35e-40a6-9c5d-1bfc862e48e0","ts":"2025-10-26T22:47:01.290+05:00","eventName":"n8n.audit.workflow.updated","message":"n8n.audit.workflow.updated","payload":{"userId":"acee32a9-717d-4a7d-ab83-154f5739bb70","_email":"kassymovd00@gmail.com","_firstName":"Дәулет","_lastName":"Қасымов","globalRole":"global:owner","workflowId":"HvpNySo27KxI70W0","workflowName":"My workflow"}}
{"__type":"$$EventMessageConfirm","confirm":"71b3cad7-f35e-40a6-9c5d-1bfc862e48e0","ts":"2025-10-26T22:47:01.290+05:00","source":{"id":"0","name":"eventBus"}}
